<?xml version="1.0" encoding="UTF-8"?>
<!-- Generated by org.testng.reporters.JUnitReportReporter -->
<testsuite hostname="LAP-HO-QUA1426" failures="0" tests="1" name="com.utility.selenium.ReadExcel" time="0.702" errors="0" timestamp="2025-03-31T17:42:47 IST" skipped="0">
  <testcase classname="com.utility.selenium.ReadExcel" name="readExcel" time="0.702"/>
</testsuite> <!-- com.utility.selenium.ReadExcel -->
