<?xml version="1.0" encoding="UTF-8"?>
<!-- Generated by org.testng.reporters.JUnitReportReporter -->
<testsuite hostname="LAP-HO-QUA1426" failures="0" tests="1" name="com.test.selenium.Login" time="7.161" errors="0" timestamp="2025-03-23T19:34:07 IST" skipped="0">
  <testcase classname="com.test.selenium.Login" name="verifyLoginWithValidCredentials" time="7.161"/>
</testsuite> <!-- com.test.selenium.Login -->
